<?xml version="1.0" encoding="UTF-8"?>
<!-- Generated by org.testng.reporters.JUnitXMLReporter -->
<testsuite hostname="AHB-LAP" ignored="0" name="Default test" tests="6" failures="0" timestamp="21 Jan 2019 17:05:00 GMT" time="0.086" errors="0">
  <testcase name="hondaCity" time="0.02" classname="com.testng.group.Cars"/>
  <testcase name="hondacivic" time="0.004" classname="com.testng.group.Cars"/>
  <testcase name="swift" time="0.001" classname="com.testng.group.Cars"/>
  <testcase name="swift2" time="0.001" classname="com.testng.group.Cars"/>
  <testcase name="xuv300" time="0.001" classname="com.testng.group.Cars"/>
  <testcase name="xuv500" time="0.001" classname="com.testng.group.Cars"/>
</testsuite> <!-- Default test -->
