<?xml version="1.0" encoding="UTF-8"?>
<!-- Generated by org.testng.reporters.JUnitXMLReporter -->
<testsuite hostname="AHB-LAP" ignored="0" name="Test test" tests="4" failures="0" timestamp="23 Jan 2019 15:57:32 GMT" time="54.787" errors="0">
  <testcase name="createProjectTest" time="13.829" classname="com.selenium.tests.CreateCustomerUsingTestNG2"/>
  <testcase name="createProjectTest" time="9.284" classname="com.selenium.tests.CreateCustomerUsingTestNG2"/>
  <testcase name="createProjectTest" time="9.315" classname="com.selenium.tests.CreateCustomerUsingTestNG2"/>
  <testcase name="createProjectTest" time="9.128" classname="com.selenium.tests.CreateCustomerUsingTestNG2"/>
</testsuite> <!-- Test test -->
