<?xml version="1.0" encoding="UTF-8"?>
<!-- Generated by org.testng.reporters.JUnitXMLReporter -->
<testsuite hostname="AHB-LAP" ignored="2" name="GRP-mahendra,honda,bike" tests="8" failures="0" timestamp="21 Jan 2019 17:06:24 GMT" time="0.11" errors="0">
  <testcase name="hondaCity" time="0.016" classname="com.testng.group.Cars"/>
  <testcase name="hondacivic" time="0.003" classname="com.testng.group.Cars"/>
  <testcase name="xuv300" time="0.003" classname="com.testng.group.Cars"/>
  <testcase name="xuv500" time="0.001" classname="com.testng.group.Cars"/>
  <testcase name="FZ" time="0.002" classname="com.testng.group.Bikes"/>
  <testcase name="R15" time="0.002" classname="com.testng.group.Bikes"/>
  <testcase name="SS" time="0.002" classname="com.testng.group.Bikes"/>
  <testcase name="SS2" time="0.001" classname="com.testng.group.Bikes"/>
  <testcase name="swift" time="0.0" classname="com.testng.group.Cars">
    <ignored/>
  </testcase> <!-- swift -->
  <testcase name="swift2" time="0.0" classname="com.testng.group.Cars">
    <ignored/>
  </testcase> <!-- swift2 -->
</testsuite> <!-- GRP-mahendra,honda,bike -->
