<?xml version="1.0" encoding="UTF-8"?>
<testng-results skipped="0" failed="0" ignored="4" total="10" passed="6">
  <reporter-output>
  </reporter-output>
  <suite name="Default suite" duration-ms="103" started-at="2019-01-21T17:09:38Z" finished-at="2019-01-21T17:09:38Z">
    <groups>
      <group name="yamaha">
        <method signature="Bikes.FZ()[pri:0, instance:com.testng.group.Bikes@4c70fda8]" name="FZ" class="com.testng.group.Bikes"/>
        <method signature="Bikes.R15()[pri:0, instance:com.testng.group.Bikes@4c70fda8]" name="R15" class="com.testng.group.Bikes"/>
      </group> <!-- yamaha -->
      <group name="mahendra">
        <method signature="Cars.xuv300()[pri:0, instance:com.testng.group.Cars@224edc67]" name="xuv300" class="com.testng.group.Cars"/>
        <method signature="Cars.xuv500()[pri:0, instance:com.testng.group.Cars@224edc67]" name="xuv500" class="com.testng.group.Cars"/>
      </group> <!-- mahendra -->
      <group name="car">
        <method signature="Cars.hondaCity()[pri:0, instance:com.testng.group.Cars@224edc67]" name="hondaCity" class="com.testng.group.Cars"/>
        <method signature="Cars.hondacivic()[pri:0, instance:com.testng.group.Cars@224edc67]" name="hondacivic" class="com.testng.group.Cars"/>
        <method signature="Cars.xuv300()[pri:0, instance:com.testng.group.Cars@224edc67]" name="xuv300" class="com.testng.group.Cars"/>
        <method signature="Cars.xuv500()[pri:0, instance:com.testng.group.Cars@224edc67]" name="xuv500" class="com.testng.group.Cars"/>
      </group> <!-- car -->
      <group name="honda">
        <method signature="Cars.hondaCity()[pri:0, instance:com.testng.group.Cars@224edc67]" name="hondaCity" class="com.testng.group.Cars"/>
        <method signature="Cars.hondacivic()[pri:0, instance:com.testng.group.Cars@224edc67]" name="hondacivic" class="com.testng.group.Cars"/>
      </group> <!-- honda -->
      <group name="bike">
        <method signature="Bikes.FZ()[pri:0, instance:com.testng.group.Bikes@4c70fda8]" name="FZ" class="com.testng.group.Bikes"/>
        <method signature="Bikes.R15()[pri:0, instance:com.testng.group.Bikes@4c70fda8]" name="R15" class="com.testng.group.Bikes"/>
      </group> <!-- bike -->
    </groups>
    <test name="Test test" duration-ms="103" started-at="2019-01-21T17:09:38Z" finished-at="2019-01-21T17:09:38Z">
      <class name="com.testng.group.Cars">
        <test-method status="PASS" signature="hondaCity()[pri:0, instance:com.testng.group.Cars@224edc67]" name="hondaCity" duration-ms="1" started-at="2019-01-21T17:09:38Z" finished-at="2019-01-21T17:09:38Z">
          <reporter-output>
          </reporter-output>
        </test-method> <!-- hondaCity -->
        <test-method status="PASS" signature="hondacivic()[pri:0, instance:com.testng.group.Cars@224edc67]" name="hondacivic" duration-ms="2" started-at="2019-01-21T17:09:38Z" finished-at="2019-01-21T17:09:38Z">
          <reporter-output>
          </reporter-output>
        </test-method> <!-- hondacivic -->
        <test-method status="PASS" signature="xuv300()[pri:0, instance:com.testng.group.Cars@224edc67]" name="xuv300" duration-ms="1" started-at="2019-01-21T17:09:38Z" finished-at="2019-01-21T17:09:38Z">
          <reporter-output>
          </reporter-output>
        </test-method> <!-- xuv300 -->
        <test-method status="PASS" signature="xuv500()[pri:0, instance:com.testng.group.Cars@224edc67]" name="xuv500" duration-ms="2" started-at="2019-01-21T17:09:38Z" finished-at="2019-01-21T17:09:38Z">
          <reporter-output>
          </reporter-output>
        </test-method> <!-- xuv500 -->
      </class> <!-- com.testng.group.Cars -->
      <class name="com.testng.group.Bikes">
        <test-method status="PASS" signature="FZ()[pri:0, instance:com.testng.group.Bikes@4c70fda8]" name="FZ" duration-ms="34" started-at="2019-01-21T17:09:38Z" finished-at="2019-01-21T17:09:38Z">
          <reporter-output>
          </reporter-output>
        </test-method> <!-- FZ -->
        <test-method status="PASS" signature="R15()[pri:0, instance:com.testng.group.Bikes@4c70fda8]" name="R15" duration-ms="2" started-at="2019-01-21T17:09:38Z" finished-at="2019-01-21T17:09:38Z">
          <reporter-output>
          </reporter-output>
        </test-method> <!-- R15 -->
      </class> <!-- com.testng.group.Bikes -->
    </test> <!-- Test test -->
  </suite> <!-- Default suite -->
</testng-results>
